   black
   blue
   bluegrey
   breeze
   brown
   carmine
 > cyan
   darkcyan
   deeporange
   green
   grey
   indigo
   magenta
   nordic
   orange
   palebrown
   paleorange
   pink
   red
   teal
   violet
   white
   yaru
   yellow
   black
   blue
   bluegrey
   breeze
   brown
   carmine
 > cyan
   darkcyan
   deeporange
   green
   grey
   indigo
   magenta
   nordic
   orange
   palebrown
   paleorange
   pink
   red
   teal
   violet
   white
   yaru
   yellow
papirus-folders: Changing color of folders to 'violet' for 'Papirus-Dark' ...
